#
# There is insufficient memory for the Java Runtime Environment to continue.
# Native memory allocation (mmap) failed to map 264241152 bytes for G1 virtual space
# Possible reasons:
#   The system is out of physical RAM or swap space
#   The process is running with CompressedOops enabled, and the Java Heap may be blocking the growth of the native heap
# Possible solutions:
#   Reduce memory load on the system
#   Increase physical memory or swap space
#   Check if swap backing store is full
#   Decrease Java heap size (-Xmx/-Xms)
#   Decrease number of Java threads
#   Decrease Java thread stack sizes (-Xss)
#   Set larger code cache with -XX:ReservedCodeCacheSize=
#   JVM is running with Zero Based Compressed Oops mode in which the Java heap is
#     placed in the first 32GB address space. The Java Heap base address is the
#     maximum limit for the native heap growth. Please use -XX:HeapBaseMinAddress
#     to set the Java Heap base and to place the Java Heap above 32GB virtual address.
# This output file may be truncated or incomplete.
#
#  Out of Memory Error (os_windows.cpp:3604), pid=5952, tid=18392
#
# JRE version:  (21.0.10+8) (build )
# Java VM: Java HotSpot(TM) 64-Bit Server VM (21.0.10+8-LTS-217, mixed mode, sharing, tiered, compressed oops, compressed class ptrs, g1 gc, windows-amd64)
# No core dump will be written. Minidumps are not enabled by default on client versions of Windows
#

---------------  S U M M A R Y ------------

Command Line: D:\AndroidSDK\build-tools\36.0.0\lib\apksigner.jar sign --ks C:\Users\AD\AppData\Local\Xamarin\Mono for Android\debug.keystore --ks-pass pass:android --ks-key-alias androiddebugkey --key-pass pass:android --min-sdk-version 23 --max-sdk-version 36 bin\Debug\net10.0-android\com.companyname.tourmap-Signed.apk

Host: Intel(R) Core(TM) i7-9750H CPU @ 2.60GHz, 12 cores, 15G,  Windows 11 , 64 bit Build 26100 (10.0.26100.7920)
Time: Sun Apr 12 19:45:38 2026 SE Asia Standard Time elapsed time: 0.184411 seconds (0d 0h 0m 0s)

---------------  T H R E A D  ---------------

Current thread (0x0000023b40cecde0):  JavaThread "Unknown thread" [_thread_in_vm, id=18392, stack(0x000000aa1b500000,0x000000aa1b600000) (1024K)]

Stack: [0x000000aa1b500000,0x000000aa1b600000]
Native frames: (J=compiled Java code, j=interpreted, Vv=VM code, C=native code)
V  [jvm.dll+0x6d0b59]
V  [jvm.dll+0x85fd56]
V  [jvm.dll+0x86224e]
V  [jvm.dll+0x862923]
V  [jvm.dll+0x282a16]
V  [jvm.dll+0x6cd405]
V  [jvm.dll+0x6c1f8a]
V  [jvm.dll+0x35bcc8]
V  [jvm.dll+0x363986]
V  [jvm.dll+0x3b4a3e]
V  [jvm.dll+0x3b4ce8]
V  [jvm.dll+0x32f98c]
V  [jvm.dll+0x3304db]
V  [jvm.dll+0x829d3e]
V  [jvm.dll+0x3c19d1]
V  [jvm.dll+0x812c0a]
V  [jvm.dll+0x4543d1]
V  [jvm.dll+0x455e21]
C  [jli.dll+0x5310]
C  [ucrtbase.dll+0x37b0]
C  [KERNEL32.DLL+0x2e8d7]
C  [ntdll.dll+0x8c48c]


---------------  P R O C E S S  ---------------

Threads class SMR info:
_java_thread_list=0x00007ffc9c838c88, length=0, elements={
}

Java Threads: ( => current thread )
Total: 0

Other Threads:
  0x0000023b410df810 WorkerThread "GC Thread#0"                     [id=22624, stack(0x000000aa1b600000,0x000000aa1b700000) (1024K)]
  0x0000023b410f02d0 ConcurrentGCThread "G1 Main Marker"            [id=17324, stack(0x000000aa1b700000,0x000000aa1b800000) (1024K)]
  0x0000023b410f1b70 WorkerThread "G1 Conc#0"                       [id=17024, stack(0x000000aa1b800000,0x000000aa1b900000) (1024K)]

[error occurred during error reporting (printing all threads), id 0xc0000005, EXCEPTION_ACCESS_VIOLATION (0xc0000005) at pc=0x00007ffc9bfa2447]
VM state: not at safepoint (not fully initialized)

VM Mutex/Monitor currently owned by a thread:  ([mutex/lock_event])
[0x00007ffc9c8aa010] Heap_lock - owner thread: 0x0000023b40cecde0

Heap address: 0x0000000704400000, size: 4028 MB, Compressed Oops mode: Zero based, Oop shift amount: 3

CDS archive(s) mapped at: [0x0000000000000000-0x0000000000000000-0x0000000000000000), size 0, SharedBaseAddress: 0x0000000800000000, ArchiveRelocationMode: 1.
Narrow klass base: 0x0000000000000000, Narrow klass shift: 0, Narrow klass range: 0x0

GC Precious Log:
 CardTable entry size: 512
 Card Set container configuration: InlinePtr #cards 4 size 8 Array Of Cards #cards 16 size 48 Howl #buckets 8 coarsen threshold 3686 Howl Bitmap #cards 512 size 80 coarsen threshold 460 Card regions per heap region 1 cards per card region 4096

Heap:
 garbage-first heap   total 0K, used 0K [0x0000000704400000, 0x0000000800000000)
  region size 2048K, 0 young (0K), 0 survivors (0K)

[error occurred during error reporting (printing heap information), id 0xc0000005, EXCEPTION_ACCESS_VIOLATION (0xc0000005) at pc=0x00007ffc9c38ac39]
GC Heap History (0 events):
No events

Dll operation events (1 events):
Event: 0.010 Loaded shared library C:\Program Files\Java\jdk-21.0.10\bin\java.dll

Deoptimization events (0 events):
No events

Classes loaded (0 events):
No events

Classes unloaded (0 events):
No events

Classes redefined (0 events):
No events

Internal exceptions (0 events):
No events

ZGC Phase Switch (0 events):
No events

VM Operations (0 events):
No events

Events (0 events):
No events


Dynamic libraries:
0x00007ff62a930000 - 0x00007ff62a940000 	C:\Program Files\Java\jdk-21.0.10\bin\java.exe
0x00007ffde36a0000 - 0x00007ffde3907000 	C:\WINDOWS\SYSTEM32\ntdll.dll
0x00007ffde1bd0000 - 0x00007ffde1c99000 	C:\WINDOWS\System32\KERNEL32.DLL
0x00007ffde0230000 - 0x00007ffde0621000 	C:\WINDOWS\System32\KERNELBASE.dll
0x00007ffde12f0000 - 0x00007ffde143b000 	C:\WINDOWS\System32\ucrtbase.dll
0x00007ffd80130000 - 0x00007ffd80149000 	C:\Program Files\Java\jdk-21.0.10\bin\jli.dll
0x00007ffd80110000 - 0x00007ffd8012e000 	C:\Program Files\Java\jdk-21.0.10\bin\VCRUNTIME140.dll
0x00007ffde35a0000 - 0x00007ffde365b000 	C:\WINDOWS\System32\ADVAPI32.dll
0x00007ffde34f0000 - 0x00007ffde3599000 	C:\WINDOWS\System32\msvcrt.dll
0x00007ffde1ca0000 - 0x00007ffde1d47000 	C:\WINDOWS\System32\sechost.dll
0x00007ffde2a40000 - 0x00007ffde2b58000 	C:\WINDOWS\System32\RPCRT4.dll
0x00007ffde1e90000 - 0x00007ffde2055000 	C:\WINDOWS\System32\USER32.dll
0x00007ffdbf2d0000 - 0x00007ffdbf563000 	C:\WINDOWS\WinSxS\amd64_microsoft.windows.common-controls_6595b64144ccf1df_6.0.26100.8037_none_3e092faae333b53b\COMCTL32.dll
0x00007ffde0f60000 - 0x00007ffde0f87000 	C:\WINDOWS\System32\win32u.dll
0x00007ffde24f0000 - 0x00007ffde251b000 	C:\WINDOWS\System32\GDI32.dll
0x00007ffde1110000 - 0x00007ffde123b000 	C:\WINDOWS\System32\gdi32full.dll
0x00007ffde1240000 - 0x00007ffde12e3000 	C:\WINDOWS\System32\msvcp_win.dll
0x00007ffdce510000 - 0x00007ffdce51b000 	C:\WINDOWS\SYSTEM32\VERSION.dll
0x00007ffde34b0000 - 0x00007ffde34e1000 	C:\WINDOWS\System32\IMM32.DLL
0x00007ffdb5470000 - 0x00007ffdb547c000 	C:\Program Files\Java\jdk-21.0.10\bin\vcruntime140_1.dll
0x00007ffd80080000 - 0x00007ffd8010d000 	C:\Program Files\Java\jdk-21.0.10\bin\msvcp140.dll
0x00007ffc9bc60000 - 0x00007ffc9c987000 	C:\Program Files\Java\jdk-21.0.10\bin\server\jvm.dll
0x00007ffde1de0000 - 0x00007ffde1e54000 	C:\WINDOWS\System32\WS2_32.dll
0x00007ffdcefd0000 - 0x00007ffdcf005000 	C:\WINDOWS\SYSTEM32\WINMM.dll
0x00007ffddfde0000 - 0x00007ffddfe3e000 	C:\WINDOWS\SYSTEM32\POWRPROF.dll
0x00007ffddfdc0000 - 0x00007ffddfdd4000 	C:\WINDOWS\SYSTEM32\UMPDC.dll
0x00007ffddecd0000 - 0x00007ffddeceb000 	C:\WINDOWS\SYSTEM32\kernel.appcore.dll
0x00007ffdb1740000 - 0x00007ffdb174a000 	C:\Program Files\Java\jdk-21.0.10\bin\jimage.dll
0x00007ffdddd40000 - 0x00007ffdddf82000 	C:\WINDOWS\SYSTEM32\DBGHELP.DLL
0x00007ffde20e0000 - 0x00007ffde2462000 	C:\WINDOWS\System32\combase.dll
0x00007ffde2c60000 - 0x00007ffde2d37000 	C:\WINDOWS\System32\OLEAUT32.dll
0x00007ffdcef60000 - 0x00007ffdcef9b000 	C:\WINDOWS\SYSTEM32\dbgcore.DLL
0x00007ffde0180000 - 0x00007ffde0225000 	C:\WINDOWS\System32\bcryptPrimitives.dll
0x00007ffd80050000 - 0x00007ffd80071000 	C:\Program Files\Java\jdk-21.0.10\bin\java.dll

dbghelp: loaded successfully - version: 4.0.5 - missing functions: none
symbol engine: initialized successfully - sym options: 0x614 - pdb path: .;C:\Program Files\Java\jdk-21.0.10\bin;C:\WINDOWS\SYSTEM32;C:\WINDOWS\WinSxS\amd64_microsoft.windows.common-controls_6595b64144ccf1df_6.0.26100.8037_none_3e092faae333b53b;C:\Program Files\Java\jdk-21.0.10\bin\server

VM Arguments:
java_command: D:\AndroidSDK\build-tools\36.0.0\lib\apksigner.jar sign --ks C:\Users\AD\AppData\Local\Xamarin\Mono for Android\debug.keystore --ks-pass pass:android --ks-key-alias androiddebugkey --key-pass pass:android --min-sdk-version 23 --max-sdk-version 36 bin\Debug\net10.0-android\com.companyname.tourmap-Signed.apk
java_class_path (initial): D:\AndroidSDK\build-tools\36.0.0\lib\apksigner.jar
Launcher Type: SUN_STANDARD

[Global flags]
     intx CICompilerCount                          = 4                                         {product} {ergonomic}
     uint ConcGCThreads                            = 3                                         {product} {ergonomic}
     uint G1ConcRefinementThreads                  = 10                                        {product} {ergonomic}
   size_t G1HeapRegionSize                         = 2097152                                   {product} {ergonomic}
    uintx GCDrainStackTargetSize                   = 64                                        {product} {ergonomic}
   size_t InitialHeapSize                          = 264241152                                 {product} {ergonomic}
   size_t MarkStackSize                            = 4194304                                   {product} {ergonomic}
   size_t MaxHeapSize                              = 4223664128                                {product} {ergonomic}
   size_t MinHeapDeltaBytes                        = 2097152                                   {product} {ergonomic}
   size_t MinHeapSize                              = 8388608                                   {product} {ergonomic}
    uintx NonNMethodCodeHeapSize                   = 5839372                                {pd product} {ergonomic}
    uintx NonProfiledCodeHeapSize                  = 122909434                              {pd product} {ergonomic}
    uintx ProfiledCodeHeapSize                     = 122909434                              {pd product} {ergonomic}
    uintx ReservedCodeCacheSize                    = 251658240                              {pd product} {ergonomic}
     bool SegmentedCodeCache                       = true                                      {product} {ergonomic}
   size_t SoftMaxHeapSize                          = 4223664128                             {manageable} {ergonomic}
     bool UseCompressedOops                        = true                           {product lp64_product} {ergonomic}
     bool UseG1GC                                  = true                                      {product} {ergonomic}
     bool UseLargePagesIndividualAllocation        = false                                  {pd product} {ergonomic}

Logging:
Log output configuration:
 #0: stdout all=warning uptime,level,tags foldmultilines=false
 #1: stderr all=off uptime,level,tags foldmultilines=false

Environment Variables:
JAVA_HOME=C:\Program Files\Java\jdk-21.0.10
PATH=C:\Program Files\Java\jdk-21.0.10\bin;D:\Program Files\VMWare\bin\;C:\Program Files\Common Files\Oracle\Java\javapath;C:\Program Files\Microsoft\jdk-11.0.16.101-hotspot\bin;C:\Program Files (x86)\Common Files\Oracle\Java\javapath;C:\ProgramData\Oracle\Java\javapath;C:\WINDOWS\system32;C:\WINDOWS;C:\WINDOWS\System32\Wbem;C:\WINDOWS\System32\WindowsPowerShell\v1.0\;C:\WINDOWS\System32\OpenSSH\;C:\Program Files (x86)\NVIDIA Corporation\PhysX\Common;C:\Program Files\nodejs\;C:\ProgramData\chocolatey\bin;C:\Program Files\Microsoft SQL Server\150\Tools\Binn\;C:\Program Files\Microsoft SQL Server\Client SDK\ODBC\170\Tools\Binn\;C:\Program Files (x86)\Microsoft SQL Server\160\Tools\Binn\;C:\Program Files\Microsoft SQL Server\160\Tools\Binn\;C:\Program Files\Microsoft SQL Server\160\DTS\Binn\;C:\Program Files (x86)\Microsoft SQL Server\160\DTS\Binn\;C:\Program Files\NVIDIA Corporation\NVIDIA app\NvDLISR;C:\Program Files\Cloudflare\Cloudflare WARP\;C:\Program Files\Git\cmd;C:\Program Files\Microsoft SQL Server\170\Tools\Binn\;D:\Program Files\dotnet\;C:\Users\AD\.local\bin;C:\Users\AD\AppData\Local\Microsoft\WindowsApps;D:\Visual Studio\Microsoft VS Code\bin;C:\Users\AD\AppData\Roaming\npm;D:\msys64\ucrt64\bin;C:\Users\AD\AppData\Local\GitHubDesktop\bin;D:\Program Files\Antigravity\bin;C:\Users\AD\.dotnet\tools;D:\Program Files\cursor\resources\app\bin;D:\Program Files\Microsoft VS Code\bin;D:\Program Files\Windsurf\bin;D:\Program Files\Visual Studio\Common7\IDE\PrivateAssemblies\runtimes\win-x64\native
USERNAME=AD
OS=Windows_NT
PROCESSOR_IDENTIFIER=Intel64 Family 6 Model 158 Stepping 10, GenuineIntel
TMP=C:\Users\AD\AppData\Local\Temp
TEMP=C:\Users\AD\AppData\Local\Temp




Periodic native trim disabled

---------------  S Y S T E M  ---------------

OS:
 Windows 11 , 64 bit Build 26100 (10.0.26100.7920)
OS uptime: 0 days 11:20 hours
Hyper-V role detected

CPU: total 12 (initial active 12) (6 cores per cpu, 2 threads per core) family 6 model 158 stepping 10 microcode 0xf4, cx8, cmov, fxsr, ht, mmx, 3dnowpref, sse, sse2, sse3, ssse3, sse4.1, sse4.2, popcnt, lzcnt, tsc, tscinvbit, avx, avx2, aes, erms, clmul, bmi1, bmi2, adx, fma, vzeroupper, clflush, clflushopt, hv, rdtscp, f16c
Processor Information for all 12 processors :
  Max Mhz: 2592, Current Mhz: 2592, Mhz Limit: 2592

Memory: 4k page, system-wide physical 16111M (1908M free)
TotalPageFile size 19020M (AvailPageFile size 252M)
current process WorkingSet (physical memory assigned to process): 13M, peak: 13M
current process commit charge ("private bytes"): 64M, peak: 316M

vm_info: Java HotSpot(TM) 64-Bit Server VM (21.0.10+8-LTS-217) for windows-amd64 JRE (21.0.10+8-LTS-217), built on 2025-12-18T14:59:28Z by "mach5run" with MS VC++ 17.13 (VS2022)

END.
